--
-- PostgreSQL database cluster dump
--

SET default_transaction_read_only = off;

SET client_encoding = 'UTF8';
SET standard_conforming_strings = on;

--
-- Roles
--

CREATE ROLE "Moon";
ALTER ROLE "Moon" WITH SUPERUSER INHERIT CREATEROLE CREATEDB LOGIN REPLICATION BYPASSRLS;






--
-- Database creation
--

CREATE DATABASE development WITH TEMPLATE = template0 OWNER = "Moon";
REVOKE ALL ON DATABASE template1 FROM PUBLIC;
REVOKE ALL ON DATABASE template1 FROM "Moon";
GRANT ALL ON DATABASE template1 TO "Moon";
GRANT CONNECT ON DATABASE template1 TO PUBLIC;


\connect development

SET default_transaction_read_only = off;

--
-- PostgreSQL database dump
--

-- Dumped from database version 9.5.0
-- Dumped by pg_dump version 9.5.0

SET statement_timeout = 0;
SET lock_timeout = 0;
SET client_encoding = 'UTF8';
SET standard_conforming_strings = on;
SET check_function_bodies = false;
SET client_min_messages = warning;
SET row_security = off;

--
-- Name: plpgsql; Type: EXTENSION; Schema: -; Owner: 
--

CREATE EXTENSION IF NOT EXISTS plpgsql WITH SCHEMA pg_catalog;


--
-- Name: EXTENSION plpgsql; Type: COMMENT; Schema: -; Owner: 
--

COMMENT ON EXTENSION plpgsql IS 'PL/pgSQL procedural language';


SET search_path = public, pg_catalog;

SET default_tablespace = '';

SET default_with_oids = false;

--
-- Name: message; Type: TABLE; Schema: public; Owner: Moon
--

CREATE TABLE message (
    id integer NOT NULL,
    "createdAt" timestamp with time zone DEFAULT now(),
    content character varying(1000) NOT NULL,
    id_task integer,
    id_user integer
);


ALTER TABLE message OWNER TO "Moon";

--
-- Name: message_id_seq; Type: SEQUENCE; Schema: public; Owner: Moon
--

CREATE SEQUENCE message_id_seq
    START WITH 1
    INCREMENT BY 1
    NO MINVALUE
    NO MAXVALUE
    CACHE 1;


ALTER TABLE message_id_seq OWNER TO "Moon";

--
-- Name: message_id_seq; Type: SEQUENCE OWNED BY; Schema: public; Owner: Moon
--

ALTER SEQUENCE message_id_seq OWNED BY message.id;


--
-- Name: suggestion; Type: TABLE; Schema: public; Owner: Moon
--

CREATE TABLE suggestion (
    id integer NOT NULL,
    suggestion character varying(255) NOT NULL,
    votes integer DEFAULT 0,
    "createdAt" timestamp with time zone DEFAULT now(),
    id_task integer,
    id_user integer,
    id_trip integer
);


ALTER TABLE suggestion OWNER TO "Moon";

--
-- Name: suggestion_id_seq; Type: SEQUENCE; Schema: public; Owner: Moon
--

CREATE SEQUENCE suggestion_id_seq
    START WITH 1
    INCREMENT BY 1
    NO MINVALUE
    NO MAXVALUE
    CACHE 1;


ALTER TABLE suggestion_id_seq OWNER TO "Moon";

--
-- Name: suggestion_id_seq; Type: SEQUENCE OWNED BY; Schema: public; Owner: Moon
--

ALTER SEQUENCE suggestion_id_seq OWNED BY suggestion.id;


--
-- Name: task; Type: TABLE; Schema: public; Owner: Moon
--

CREATE TABLE task (
    id integer NOT NULL,
    name character varying(255) NOT NULL,
    status character varying(255) DEFAULT ''::character varying,
    decision character varying(255),
    id_trip integer
);


ALTER TABLE task OWNER TO "Moon";

--
-- Name: task_id_seq; Type: SEQUENCE; Schema: public; Owner: Moon
--

CREATE SEQUENCE task_id_seq
    START WITH 1
    INCREMENT BY 1
    NO MINVALUE
    NO MAXVALUE
    CACHE 1;


ALTER TABLE task_id_seq OWNER TO "Moon";

--
-- Name: task_id_seq; Type: SEQUENCE OWNED BY; Schema: public; Owner: Moon
--

ALTER SEQUENCE task_id_seq OWNED BY task.id;


--
-- Name: trip; Type: TABLE; Schema: public; Owner: Moon
--

CREATE TABLE trip (
    id integer NOT NULL,
    name character varying(255) DEFAULT 'Unknown'::character varying NOT NULL
);


ALTER TABLE trip OWNER TO "Moon";

--
-- Name: trip_id_seq; Type: SEQUENCE; Schema: public; Owner: Moon
--

CREATE SEQUENCE trip_id_seq
    START WITH 1
    INCREMENT BY 1
    NO MINVALUE
    NO MAXVALUE
    CACHE 1;


ALTER TABLE trip_id_seq OWNER TO "Moon";

--
-- Name: trip_id_seq; Type: SEQUENCE OWNED BY; Schema: public; Owner: Moon
--

ALTER SEQUENCE trip_id_seq OWNED BY trip.id;


--
-- Name: trip_users; Type: TABLE; Schema: public; Owner: Moon
--

CREATE TABLE trip_users (
    id integer NOT NULL,
    id_trip integer,
    id_user integer
);


ALTER TABLE trip_users OWNER TO "Moon";

--
-- Name: trip_users_id_seq; Type: SEQUENCE; Schema: public; Owner: Moon
--

CREATE SEQUENCE trip_users_id_seq
    START WITH 1
    INCREMENT BY 1
    NO MINVALUE
    NO MAXVALUE
    CACHE 1;


ALTER TABLE trip_users_id_seq OWNER TO "Moon";

--
-- Name: trip_users_id_seq; Type: SEQUENCE OWNED BY; Schema: public; Owner: Moon
--

ALTER SEQUENCE trip_users_id_seq OWNED BY trip_users.id;


--
-- Name: users; Type: TABLE; Schema: public; Owner: Moon
--

CREATE TABLE users (
    id integer NOT NULL,
    email character varying(255) NOT NULL,
    username character varying(255) NOT NULL,
    password character varying(255) NOT NULL
);


ALTER TABLE users OWNER TO "Moon";

--
-- Name: users_id_seq; Type: SEQUENCE; Schema: public; Owner: Moon
--

CREATE SEQUENCE users_id_seq
    START WITH 1
    INCREMENT BY 1
    NO MINVALUE
    NO MAXVALUE
    CACHE 1;


ALTER TABLE users_id_seq OWNER TO "Moon";

--
-- Name: users_id_seq; Type: SEQUENCE OWNED BY; Schema: public; Owner: Moon
--

ALTER SEQUENCE users_id_seq OWNED BY users.id;


--
-- Name: id; Type: DEFAULT; Schema: public; Owner: Moon
--

ALTER TABLE ONLY message ALTER COLUMN id SET DEFAULT nextval('message_id_seq'::regclass);


--
-- Name: id; Type: DEFAULT; Schema: public; Owner: Moon
--

ALTER TABLE ONLY suggestion ALTER COLUMN id SET DEFAULT nextval('suggestion_id_seq'::regclass);


--
-- Name: id; Type: DEFAULT; Schema: public; Owner: Moon
--

ALTER TABLE ONLY task ALTER COLUMN id SET DEFAULT nextval('task_id_seq'::regclass);


--
-- Name: id; Type: DEFAULT; Schema: public; Owner: Moon
--

ALTER TABLE ONLY trip ALTER COLUMN id SET DEFAULT nextval('trip_id_seq'::regclass);


--
-- Name: id; Type: DEFAULT; Schema: public; Owner: Moon
--

ALTER TABLE ONLY trip_users ALTER COLUMN id SET DEFAULT nextval('trip_users_id_seq'::regclass);


--
-- Name: id; Type: DEFAULT; Schema: public; Owner: Moon
--

ALTER TABLE ONLY users ALTER COLUMN id SET DEFAULT nextval('users_id_seq'::regclass);


--
-- Data for Name: message; Type: TABLE DATA; Schema: public; Owner: Moon
--

COPY message (id, "createdAt", content, id_task, id_user) FROM stdin;
1	2016-02-23 13:56:59.178882-06	Post	1	1
2	2016-02-23 14:56:27.603134-06	i don't know but i don't got no money, let's stay at your moms	3	1
3	2016-02-23 15:39:29.660379-06	What about roswell?	4	1
\.


--
-- Name: message_id_seq; Type: SEQUENCE SET; Schema: public; Owner: Moon
--

SELECT pg_catalog.setval('message_id_seq', 3, true);


--
-- Data for Name: suggestion; Type: TABLE DATA; Schema: public; Owner: Moon
--

COPY suggestion (id, suggestion, votes, "createdAt", id_task, id_user, id_trip) FROM stdin;
12	giug	0	2016-02-23 15:13:04.243248-06	1	1	\N
13	f5r5	0	2016-02-23 15:28:21.547516-06	1	1	\N
14	gamble at farrahs	0	2016-02-23 15:46:37.63238-06	1	1	\N
15	red bull and vodka!!!!	0	2016-02-23 15:51:05.35881-06	2	1	\N
\.


--
-- Name: suggestion_id_seq; Type: SEQUENCE SET; Schema: public; Owner: Moon
--

SELECT pg_catalog.setval('suggestion_id_seq', 15, true);


--
-- Data for Name: task; Type: TABLE DATA; Schema: public; Owner: Moon
--

COPY task (id, name, status, decision, id_trip) FROM stdin;
1	Gamble		\N	1
2	Stay awake forever		\N	1
3	Where are we going to stay?		\N	1
4	First stop?		\N	1
\.


--
-- Name: task_id_seq; Type: SEQUENCE SET; Schema: public; Owner: Moon
--

SELECT pg_catalog.setval('task_id_seq', 4, true);


--
-- Data for Name: trip; Type: TABLE DATA; Schema: public; Owner: Moon
--

COPY trip (id, name) FROM stdin;
\.


--
-- Name: trip_id_seq; Type: SEQUENCE SET; Schema: public; Owner: Moon
--

SELECT pg_catalog.setval('trip_id_seq', 1, false);


--
-- Data for Name: trip_users; Type: TABLE DATA; Schema: public; Owner: Moon
--

COPY trip_users (id, id_trip, id_user) FROM stdin;
\.


--
-- Name: trip_users_id_seq; Type: SEQUENCE SET; Schema: public; Owner: Moon
--

SELECT pg_catalog.setval('trip_users_id_seq', 1, false);


--
-- Data for Name: users; Type: TABLE DATA; Schema: public; Owner: Moon
--

COPY users (id, email, username, password) FROM stdin;
1	john@gmail.com	Johnny	john5
\.


--
-- Name: users_id_seq; Type: SEQUENCE SET; Schema: public; Owner: Moon
--

SELECT pg_catalog.setval('users_id_seq', 1, true);


--
-- Name: message_pkey; Type: CONSTRAINT; Schema: public; Owner: Moon
--

ALTER TABLE ONLY message
    ADD CONSTRAINT message_pkey PRIMARY KEY (id);


--
-- Name: suggestion_pkey; Type: CONSTRAINT; Schema: public; Owner: Moon
--

ALTER TABLE ONLY suggestion
    ADD CONSTRAINT suggestion_pkey PRIMARY KEY (id);


--
-- Name: task_pkey; Type: CONSTRAINT; Schema: public; Owner: Moon
--

ALTER TABLE ONLY task
    ADD CONSTRAINT task_pkey PRIMARY KEY (id);


--
-- Name: trip_pkey; Type: CONSTRAINT; Schema: public; Owner: Moon
--

ALTER TABLE ONLY trip
    ADD CONSTRAINT trip_pkey PRIMARY KEY (id);


--
-- Name: trip_users_pkey; Type: CONSTRAINT; Schema: public; Owner: Moon
--

ALTER TABLE ONLY trip_users
    ADD CONSTRAINT trip_users_pkey PRIMARY KEY (id);


--
-- Name: users_email_unique; Type: CONSTRAINT; Schema: public; Owner: Moon
--

ALTER TABLE ONLY users
    ADD CONSTRAINT users_email_unique UNIQUE (email);


--
-- Name: users_pkey; Type: CONSTRAINT; Schema: public; Owner: Moon
--

ALTER TABLE ONLY users
    ADD CONSTRAINT users_pkey PRIMARY KEY (id);


--
-- Name: public; Type: ACL; Schema: -; Owner: Moon
--

REVOKE ALL ON SCHEMA public FROM PUBLIC;
REVOKE ALL ON SCHEMA public FROM "Moon";
GRANT ALL ON SCHEMA public TO "Moon";
GRANT ALL ON SCHEMA public TO PUBLIC;


--
-- PostgreSQL database dump complete
--

\connect postgres

SET default_transaction_read_only = off;

--
-- PostgreSQL database dump
--

-- Dumped from database version 9.5.0
-- Dumped by pg_dump version 9.5.0

SET statement_timeout = 0;
SET lock_timeout = 0;
SET client_encoding = 'UTF8';
SET standard_conforming_strings = on;
SET check_function_bodies = false;
SET client_min_messages = warning;
SET row_security = off;

--
-- Name: postgres; Type: COMMENT; Schema: -; Owner: Moon
--

COMMENT ON DATABASE postgres IS 'default administrative connection database';


--
-- Name: plpgsql; Type: EXTENSION; Schema: -; Owner: 
--

CREATE EXTENSION IF NOT EXISTS plpgsql WITH SCHEMA pg_catalog;


--
-- Name: EXTENSION plpgsql; Type: COMMENT; Schema: -; Owner: 
--

COMMENT ON EXTENSION plpgsql IS 'PL/pgSQL procedural language';


--
-- Name: public; Type: ACL; Schema: -; Owner: Moon
--

REVOKE ALL ON SCHEMA public FROM PUBLIC;
REVOKE ALL ON SCHEMA public FROM "Moon";
GRANT ALL ON SCHEMA public TO "Moon";
GRANT ALL ON SCHEMA public TO PUBLIC;


--
-- PostgreSQL database dump complete
--

\connect template1

SET default_transaction_read_only = off;

--
-- PostgreSQL database dump
--

-- Dumped from database version 9.5.0
-- Dumped by pg_dump version 9.5.0

SET statement_timeout = 0;
SET lock_timeout = 0;
SET client_encoding = 'UTF8';
SET standard_conforming_strings = on;
SET check_function_bodies = false;
SET client_min_messages = warning;
SET row_security = off;

--
-- Name: template1; Type: COMMENT; Schema: -; Owner: Moon
--

COMMENT ON DATABASE template1 IS 'default template for new databases';


--
-- Name: plpgsql; Type: EXTENSION; Schema: -; Owner: 
--

CREATE EXTENSION IF NOT EXISTS plpgsql WITH SCHEMA pg_catalog;


--
-- Name: EXTENSION plpgsql; Type: COMMENT; Schema: -; Owner: 
--

COMMENT ON EXTENSION plpgsql IS 'PL/pgSQL procedural language';


--
-- Name: public; Type: ACL; Schema: -; Owner: Moon
--

REVOKE ALL ON SCHEMA public FROM PUBLIC;
REVOKE ALL ON SCHEMA public FROM "Moon";
GRANT ALL ON SCHEMA public TO "Moon";
GRANT ALL ON SCHEMA public TO PUBLIC;


--
-- PostgreSQL database dump complete
--

--
-- PostgreSQL database cluster dump complete
--

